\BOOKMARK [0][-]{chapter*.2}{Resumen}{}
\BOOKMARK [0][-]{chapter*.3}{Abstract}{}
\BOOKMARK [0][-]{tabla de contenidos.0}{Tabla de contenidos}{}
\BOOKMARK [1][-]{indice de figuras.1}{\315ndice de figuras}{tabla de contenidos.0}
\BOOKMARK [1][-]{indice de tablas.1}{\315ndice de tablas}{tabla de contenidos.0}
\BOOKMARK [0][-]{chapter.1}{Introducci\363n}{}
\BOOKMARK [1][-]{section.1.1}{Motivaci\363n}{chapter.1}
\BOOKMARK [1][-]{section.1.2}{Objetivos}{chapter.1}
\BOOKMARK [1][-]{section.1.3}{Metodolog\355a}{chapter.1}
\BOOKMARK [1][-]{section.1.4}{Estructura}{chapter.1}
\BOOKMARK [-1][-]{part.1}{I Nombre parte}{}
\BOOKMARK [0][-]{chapter.2}{Modelos Cardiacos}{part.1}
\BOOKMARK [1][-]{section.2.1}{introducci\363n}{chapter.2}
\BOOKMARK [1][-]{section.2.2}{concluciones}{chapter.2}
\BOOKMARK [-1][-]{part.2}{II Nombre parte}{}
\BOOKMARK [0][-]{chapter.3}{Resoluci\363n espacial del sistemas de electrodos}{part.2}
\BOOKMARK [1][-]{section.3.1}{introducci\363n}{chapter.3}
\BOOKMARK [1][-]{section.3.2}{modelos de sistemas de electrodos}{chapter.3}
\BOOKMARK [1][-]{section.3.3}{Volumen equivalente de sistema de electrodos}{chapter.3}
\BOOKMARK [1][-]{section.3.4}{concluciones}{chapter.3}
\BOOKMARK [0][-]{appendix*.7}{Bibliograf\355a}{part.2}
